<?xml version='1.0' encoding='utf-8'?>
<testsuites name="TACoreService Acceptance Tests" tests="16" failures="12" errors="0" time="146.6243007183075" timestamp="2025-08-08T20:37:16.720056">
  <testsuite name="核心业务API测试 (ZeroMQ)" tests="4" failures="4" errors="0" time="68.17752838134766" package="tacoreservice.acceptance.API-ZMQ-BUSINESS">
    <testcase name="scan.market - 成功路径" classname="tacoreservice.acceptance.API-ZMQ-BUSINESS.ZMQ-API-01" time="17.058762311935425">
      <failure message="请求超时或连接失败" type="AssertionError">请求超时或连接失败</failure>
    </testcase>
    <testcase name="execute.order - 成功路径" classname="tacoreservice.acceptance.API-ZMQ-BUSINESS.ZMQ-API-02" time="17.035643577575684">
      <failure message="请求超时或连接失败" type="AssertionError">请求超时或连接失败</failure>
    </testcase>
    <testcase name="evaluate.risk - 成功路径" classname="tacoreservice.acceptance.API-ZMQ-BUSINESS.ZMQ-API-03" time="17.033501863479614">
      <failure message="请求超时或连接失败" type="AssertionError">请求超时或连接失败</failure>
    </testcase>
    <testcase name="无效方法测试" classname="tacoreservice.acceptance.API-ZMQ-BUSINESS.ZMQ-API-04" time="17.049620628356934">
      <failure message="请求超时或连接失败" type="AssertionError">请求超时或连接失败</failure>
    </testcase>
  </testsuite>
  <testsuite name="监控管理API测试 (HTTP)" tests="3" failures="0" errors="0" time="0.07500243186950684" package="tacoreservice.acceptance.API-HTTP-MONITORING">
    <testcase name="GET /status - 服务状态接口" classname="tacoreservice.acceptance.API-HTTP-MONITORING.HTTP-API-01" time="0.030337810516357422">
      <system-out>[PASS] 验证HTTP状态码为 200 OK
  Details: 实际状态码: 200
[PASS] 验证响应JSON体中包含关键字段
  Details: 所有必需字段都存在
[PASS] 验证字段类型和值的合理性
  Details: service_name: TACoreService (字符串); status: running (字符串); uptime: 98.14377999305725 (有效)</system-out>
    </testcase>
    <testcase name="GET /workers - 工作进程列表接口" classname="tacoreservice.acceptance.API-HTTP-MONITORING.HTTP-API-02" time="0.036910057067871094">
      <system-out>[PASS] 验证HTTP状态码为 200 OK
  Details: 实际状态码: 200
[PASS] 验证响应JSON体是一个数组
  Details: 响应类型: list, 长度: 77
[PASS] 验证数组中每个对象的结构都符合规格
  Details: Worker 0: 结构正确 (ID: worker-3fc3d37d, 状态: idle); Worker 1: 结构正确 (ID: worker-35676dad, 状态: idle); Worker 2: 结构正确 (ID: worker-0de74f72, 状态: stopped)</system-out>
    </testcase>
    <testcase name="GET /logs - 日志获取接口" classname="tacoreservice.acceptance.API-HTTP-MONITORING.HTTP-API-03" time="0.00775456428527832">
      <system-out>[PASS] 验证HTTP状态码为 200 OK
  Details: 实际状态码: 200
[PASS] 验证返回的日志条数不超过50条
  Details: 实际日志条数: 0
[PASS] 验证返回的日志级别均为INFO或更高级别
  Details: 无日志数据</system-out>
    </testcase>
  </testsuite>
  <testsuite name="负载均衡与可扩展性测试" tests="3" failures="3" errors="0" time="35.851481199264526" package="tacoreservice.acceptance.PERF-LOAD-BALANCING">
    <testcase name="请求分发验证" classname="tacoreservice.acceptance.PERF-LOAD-BALANCING.LB-01" time="10.172782182693481">
      <failure